
Attaching package: 'cowplot'

The following object is masked from 'package:ggplot2':

    ggsave

Loading required package: foreach
Loading required package: iterators
Loading required package: parallel

Attaching package: 'dplyr'

The following objects are masked from 'package:stats':

    filter, lag

The following objects are masked from 'package:base':

    intersect, setdiff, setequal, union

starting worker pid=27670 on localhost:11084 at 02:40:36.265
starting worker pid=27681 on localhost:11084 at 02:40:36.502
starting worker pid=27692 on localhost:11084 at 02:40:36.740
starting worker pid=27703 on localhost:11084 at 02:40:36.978
starting worker pid=27715 on localhost:11084 at 02:40:37.213
starting worker pid=27726 on localhost:11084 at 02:40:37.449
starting worker pid=27737 on localhost:11084 at 02:40:37.684
starting worker pid=27748 on localhost:11084 at 02:40:37.919
starting worker pid=27759 on localhost:11084 at 02:40:38.156
starting worker pid=27770 on localhost:11084 at 02:40:38.392
starting worker pid=27781 on localhost:11084 at 02:40:38.627
starting worker pid=27792 on localhost:11084 at 02:40:38.862
starting worker pid=27803 on localhost:11084 at 02:40:39.098
starting worker pid=27814 on localhost:11084 at 02:40:39.333
starting worker pid=27825 on localhost:11084 at 02:40:39.569
starting worker pid=27836 on localhost:11084 at 02:40:39.805
starting worker pid=27847 on localhost:11084 at 02:40:40.041
starting worker pid=27858 on localhost:11084 at 02:40:40.277
starting worker pid=27869 on localhost:11084 at 02:40:40.513
starting worker pid=27880 on localhost:11084 at 02:40:40.751
starting worker pid=27891 on localhost:11084 at 02:40:40.986
starting worker pid=27902 on localhost:11084 at 02:40:41.224
starting worker pid=27913 on localhost:11084 at 02:40:41.462
starting worker pid=27924 on localhost:11084 at 02:40:41.698
starting worker pid=27935 on localhost:11084 at 02:40:41.935
starting worker pid=27946 on localhost:11084 at 02:40:42.169
starting worker pid=27957 on localhost:11084 at 02:40:42.405
starting worker pid=27968 on localhost:11084 at 02:40:42.641
starting worker pid=27979 on localhost:11084 at 02:40:42.878
starting worker pid=27990 on localhost:11084 at 02:40:43.115
[1] "writing results to file..."
[1] "end"
Warning messages:
1: In dir.create(savedir) : '1sym_1snp_gamma' already exists
2: In e$fun(obj, substitute(ex), parent.frame(), e$data) :
  already exporting variable(s): savedir, filename, writeflag, data, symptoms, namesymptoms, symptomvariants, numsymptomvariants, snps, namesnps, snpvariants, numsnpvariants, namesnpvariants, namestatistics, logpriortheta, spread
