
Attaching package: 'cowplot'

The following object is masked from 'package:ggplot2':

    ggsave

Loading required package: foreach
Loading required package: iterators
Loading required package: parallel

Attaching package: 'dplyr'

The following objects are masked from 'package:stats':

    filter, lag

The following objects are masked from 'package:base':

    intersect, setdiff, setequal, union

starting worker pid=7293 on localhost:11058 at 15:47:30.343
starting worker pid=7304 on localhost:11058 at 15:47:30.577
starting worker pid=7315 on localhost:11058 at 15:47:30.810
starting worker pid=7326 on localhost:11058 at 15:47:31.045
starting worker pid=7337 on localhost:11058 at 15:47:31.280
starting worker pid=7348 on localhost:11058 at 15:47:31.515
starting worker pid=7359 on localhost:11058 at 15:47:31.750
starting worker pid=7370 on localhost:11058 at 15:47:31.986
starting worker pid=7381 on localhost:11058 at 15:47:32.222
starting worker pid=7392 on localhost:11058 at 15:47:32.454
starting worker pid=7403 on localhost:11058 at 15:47:32.688
starting worker pid=7414 on localhost:11058 at 15:47:32.924
starting worker pid=7425 on localhost:11058 at 15:47:33.158
starting worker pid=7436 on localhost:11058 at 15:47:33.392
starting worker pid=7447 on localhost:11058 at 15:47:33.626
starting worker pid=7458 on localhost:11058 at 15:47:33.862
starting worker pid=7469 on localhost:11058 at 15:47:34.098
starting worker pid=7480 on localhost:11058 at 15:47:34.332
starting worker pid=7491 on localhost:11058 at 15:47:34.566
starting worker pid=7502 on localhost:11058 at 15:47:34.802
starting worker pid=7513 on localhost:11058 at 15:47:35.042
starting worker pid=7524 on localhost:11058 at 15:47:35.285
starting worker pid=7535 on localhost:11058 at 15:47:35.522
starting worker pid=7546 on localhost:11058 at 15:47:35.756
starting worker pid=7557 on localhost:11058 at 15:47:35.997
starting worker pid=7568 on localhost:11058 at 15:47:36.236
starting worker pid=7579 on localhost:11058 at 15:47:36.476
starting worker pid=7590 on localhost:11058 at 15:47:36.713
starting worker pid=7601 on localhost:11058 at 15:47:36.952
starting worker pid=7612 on localhost:11058 at 15:47:37.191
Warning messages:
1: In dir.create(savedir) : '1sym_1snp_gamma' already exists
2: In e$fun(obj, substitute(ex), parent.frame(), e$data) :
  already exporting variable(s): savedir, filename, writeflag, data, symptoms, namesymptoms, symptomvariants, numsymptomvariants, snps, namesnps, snpvariants, numsnpvariants, namesnpvariants, namestatistics, logpriortheta, spread
