
Attaching package: 'cowplot'

The following object is masked from 'package:ggplot2':

    ggsave

Loading required package: foreach
Loading required package: iterators
Loading required package: parallel

Attaching package: 'dplyr'

The following objects are masked from 'package:stats':

    filter, lag

The following objects are masked from 'package:base':

    intersect, setdiff, setequal, union

starting worker pid=116539 on localhost:11100 at 00:38:01.132
starting worker pid=116550 on localhost:11100 at 00:38:01.370
starting worker pid=116561 on localhost:11100 at 00:38:01.608
[1] "warning, sym=1, snp=1: 0 sample"
[1] "writing results to file..."
[1] "end"
Warning messages:
1: In dir.create(savedir) : 'anxmc1e6_4cat_8sym_unif' already exists
2: In e$fun(obj, substitute(ex), parent.frame(), e$data) :
  already exporting variable(s): savedir, filename, data, symptoms, namesymptoms, symptomvariants, numsymptomvariants, snps, namesnps, snpvariants, numsnpvariants, namesnpvariants, logpriortheta, statsfunction, mciterations, mcdiscard
