
Attaching package: 'cowplot'

The following object is masked from 'package:ggplot2':

    ggsave

Loading required package: foreach
Loading required package: iterators
Loading required package: parallel

Attaching package: 'dplyr'

The following objects are masked from 'package:stats':

    filter, lag

The following objects are masked from 'package:base':

    intersect, setdiff, setequal, union

starting worker pid=42466 on localhost:11544 at 23:59:48.975
starting worker pid=42478 on localhost:11544 at 23:59:49.831
starting worker pid=42489 on localhost:11544 at 23:59:50.391
starting worker pid=42500 on localhost:11544 at 23:59:50.849
starting worker pid=42511 on localhost:11544 at 23:59:51.308
starting worker pid=42522 on localhost:11544 at 23:59:51.767
starting worker pid=42533 on localhost:11544 at 23:59:52.218
starting worker pid=42544 on localhost:11544 at 23:59:52.675
starting worker pid=42555 on localhost:11544 at 23:59:53.133
starting worker pid=42566 on localhost:11544 at 23:59:53.591
starting worker pid=42577 on localhost:11544 at 23:59:54.048
starting worker pid=42588 on localhost:11544 at 23:59:54.507
starting worker pid=42599 on localhost:11544 at 23:59:55.484
starting worker pid=42610 on localhost:11544 at 23:59:56.131
starting worker pid=42621 on localhost:11544 at 23:59:56.590
starting worker pid=42632 on localhost:11544 at 23:59:57.179
starting worker pid=42643 on localhost:11544 at 23:59:57.636
starting worker pid=42654 on localhost:11544 at 23:59:58.236
starting worker pid=42665 on localhost:11544 at 23:59:58.878
starting worker pid=42676 on localhost:11544 at 23:59:59.336
starting worker pid=42687 on localhost:11544 at 00:00:00.180
starting worker pid=42698 on localhost:11544 at 00:00:00.658
starting worker pid=42709 on localhost:11544 at 00:00:01.354
starting worker pid=42722 on localhost:11544 at 00:00:02.245
starting worker pid=42733 on localhost:11544 at 00:00:02.713
starting worker pid=42744 on localhost:11544 at 00:00:03.184
starting worker pid=42755 on localhost:11544 at 00:00:03.651
starting worker pid=42766 on localhost:11544 at 00:00:04.205
starting worker pid=42778 on localhost:11544 at 00:00:04.662
starting worker pid=42789 on localhost:11544 at 00:00:05.137

Laplace's Demon was called on Mon Nov 26 00:00:08 2018

Performing initial checks...

Laplace's Demon was called on Mon Nov 26 00:00:08 2018

Performing initial checks...
Suggestion: 1 possible instance(s) of apply functions
     were found in the Model specification. Iteration speed will
     increase if apply functions are vectorized in R or coded
     in a faster language such as C++ via the Rcpp package.
Suggestion: 1 possible instance(s) of apply functions
     were found in the Model specification. Iteration speed will

Laplace's Demon was called on Mon Nov 26 00:00:08 2018

Performing initial checks...
     increase if apply functions are vectorized in R or coded
     in a faster language such as C++ via the Rcpp package.
Suggestion: 1 possible instance(s) of apply functions
     were found in the Model specification. Iteration speed will
     increase if apply functions are vectorized in R or coded
     in a faster language such as C++ via the Rcpp package.
Algorithm: Automated Factor Slice Sampler 

Laplace's Demon is beginning to update...
Algorithm: Automated Factor Slice Sampler 

Laplace's Demon is beginning to update...

Eigendecomposition will occur every 2000 iterations.


Eigendecomposition will occur every 2000 iterations.


Laplace's Demon was called on Mon Nov 26 00:00:08 2018

Performing initial checks...
Suggestion: 1 possible instance(s) of apply functions
     were found in the Model specification. Iteration speed will
     increase if apply functions are vectorized in R or coded
     in a faster language such as C++ via the Rcpp package.
Algorithm: Automated Factor Slice Sampler 

Laplace's Demon is beginning to update...

Eigendecomposition will occur every 2000 iterations.


Laplace's Demon was called on Mon Nov 26 00:00:08 2018

Performing initial checks...
Suggestion: 1 possible instance(s) of apply functions
     were found in the Model specification. Iteration speed will
     increase if apply functions are vectorized in R or coded
     in a faster language such as C++ via the Rcpp package.
Algorithm: Automated Factor Slice Sampler 

Laplace's Demon is beginning to update...
Algorithm: Automated Factor Slice Sampler 

Laplace's Demon is beginning to update...

Eigendecomposition will occur every 2000 iterations.


Eigendecomposition will occur every 2000 iterations.


Laplace's Demon was called on Mon Nov 26 00:00:09 2018

Performing initial checks...
Suggestion: 1 possible instance(s) of apply functions
     were found in the Model specification. Iteration speed will
     increase if apply functions are vectorized in R or coded
     in a faster language such as C++ via the Rcpp package.

Laplace's Demon was called on Mon Nov 26 00:00:09 2018

Performing initial checks...
Suggestion: 1 possible instance(s) of apply functions
     were found in the Model specification. Iteration speed will
     increase if apply functions are vectorized in R or coded
     in a faster language such as C++ via the Rcpp package.

Laplace's Demon was called on Mon Nov 26 00:00:09 2018

Performing initial checks...
Suggestion: 1 possible instance(s) of apply functions
     were found in the Model specification. Iteration speed will
     increase if apply functions are vectorized in R or coded
     in a faster language such as C++ via the Rcpp package.

Laplace's Demon was called on Mon Nov 26 00:00:09 2018

Performing initial checks...
Suggestion: 1 possible instance(s) of apply functions
     were found in the Model specification. Iteration speed will
     increase if apply functions are vectorized in R or coded
     in a faster language such as C++ via the Rcpp package.

Laplace's Demon was called on Mon Nov 26 00:00:09 2018

Performing initial checks...

Laplace's Demon was called on Mon Nov 26 00:00:09 2018

Performing initial checks...
Suggestion: 1 possible instance(s) of apply functions
     were found in the Model specification. Iteration speed will
     increase if apply functions are vectorized in R or coded
     in a faster language such as C++ via the Rcpp package.
Suggestion: 1 possible instance(s) of apply functions
     were found in the Model specification. Iteration speed will
     increase if apply functions are vectorized in R or coded
     in a faster language such as C++ via the Rcpp package.

Laplace's Demon was called on Mon Nov 26 00:00:09 2018

Performing initial checks...

Laplace's Demon was called on Mon Nov 26 00:00:09 2018

Performing initial checks...

Laplace's Demon was called on Mon Nov 26 00:00:09 2018

Performing initial checks...
Suggestion: 1 possible instance(s) of apply functions
     were found in the Model specification. Iteration speed will
     increase if apply functions are vectorized in R or coded
     in a faster language such as C++ via the Rcpp package.
Suggestion: 1 possible instance(s) of apply functions
     were found in the Model specification. Iteration speed will
     increase if apply functions are vectorized in R or coded
     in a faster language such as C++ via the Rcpp package.
Suggestion: 1 possible instance(s) of apply functions
     were found in the Model specification. Iteration speed will
     increase if apply functions are vectorized in R or coded
     in a faster language such as C++ via the Rcpp package.

Laplace's Demon was called on Mon Nov 26 00:00:09 2018

Performing initial checks...
Suggestion: 1 possible instance(s) of apply functions
     were found in the Model specification. Iteration speed will
     increase if apply functions are vectorized in R or coded
     in a faster language such as C++ via the Rcpp package.

Laplace's Demon was called on Mon Nov 26 00:00:09 2018

Performing initial checks...

Laplace's Demon was called on Mon Nov 26 00:00:09 2018

Performing initial checks...

Laplace's Demon was called on Mon Nov 26 00:00:09 2018

Performing initial checks...
Suggestion: 1 possible instance(s) of apply functions
     were found in the Model specification. Iteration speed will
     increase if apply functions are vectorized in R or coded
     in a faster language such as C++ via the Rcpp package.
Suggestion: 1 possible instance(s) of apply functions
     were found in the Model specification. Iteration speed will
     increase if apply functions are vectorized in R or coded
     in a faster language such as C++ via the Rcpp package.
Suggestion: 1 possible instance(s) of apply functions
     were found in the Model specification. Iteration speed will
     increase if apply functions are vectorized in R or coded
     in a faster language such as C++ via the Rcpp package.

Laplace's Demon was called on Mon Nov 26 00:00:09 2018

Performing initial checks...

Laplace's Demon was called on Mon Nov 26 00:00:09 2018

Performing initial checks...
Suggestion: 1 possible instance(s) of apply functions
     were found in the Model specification. Iteration speed will
     increase if apply functions are vectorized in R or coded
     in a faster language such as C++ via the Rcpp package.
Algorithm:Suggestion:  Automated Factor Slice Sampler 
1 possible instance(s) of apply functions

Laplace's Demon is beginning to update...
     were found in the Model specification. Iteration speed will
     increase if apply functions are vectorized in R or coded
     in a faster language such as C++ via the Rcpp package.

Eigendecomposition will occur every 2000 iterations.


Laplace's Demon was called on Mon Nov 26 00:00:09 2018

Performing initial checks...
Suggestion: 1 possible instance(s) of apply functions
     were found in the Model specification. Iteration speed will
     increase if apply functions are vectorized in R or coded
     in a faster language such as C++ via the Rcpp package.

Laplace's Demon was called on Mon Nov 26 00:00:09 2018

Performing initial checks...
Algorithm: Automated Factor Slice Sampler 

Laplace's Demon is beginning to update...
Suggestion: 1 possible instance(s) of apply functions
     were found in the Model specification. Iteration speed will
     increase if apply functions are vectorized in R or coded
     in a faster language such as C++ via the Rcpp package.

Eigendecomposition will occur every 2000 iterations.


Laplace's Demon was called on Mon Nov 26 00:00:09 2018
Algorithm:
Performing initial checks...
 Automated Factor Slice Sampler 

Laplace's Demon is beginning to update...
Suggestion: 1 possible instance(s) of apply functions
     were found in the Model specification. Iteration speed will
     increase if apply functions are vectorized in R or coded
     in a faster language such as C++ via the Rcpp package.

Laplace's Demon was called on Mon Nov 26 00:00:09 2018

Performing initial checks...

Laplace's Demon was called on Mon Nov 26 00:00:09 2018

Performing initial checks...
Suggestion: 1 possible instance(s) of apply functions
     were found in the Model specification. Iteration speed will
     increase if apply functions are vectorized in R or coded
     in a faster language such as C++ via the Rcpp package.
Suggestion: 1 possible instance(s) of apply functions
     were found in the Model specification. Iteration speed will
     increase if apply functions are vectorized in R or coded
     in a faster language such as C++ via the Rcpp package.

Laplace's Demon was called on Mon Nov 26 00:00:09 2018

Performing initial checks...

Laplace's Demon was called on Mon Nov 26 00:00:09 2018

Performing initial checks...
Algorithm: Automated Factor Slice Sampler 

Laplace's Demon is beginning to update...
Suggestion: 1 possible instance(s) of apply functions
     were found in the Model specification. Iteration speed will
     increase if apply functions are vectorized in R or coded
     in a faster language such as C++ via the Rcpp package.
Algorithm: Automated Factor Slice Sampler 

Laplace's Demon is beginning to update...

Laplace's Demon was called on Mon Nov 26 00:00:09 2018

Performing initial checks...
Suggestion: 1 possible instance(s) of apply functions
     were found in the Model specification. Iteration speed will
     increase if apply functions are vectorized in R or coded
     in a faster language such as C++ via the Rcpp package.

Laplace's Demon was called on Mon Nov 26 00:00:09 2018

Performing initial checks...
Suggestion: 1 possible instance(s) of apply functions
     were found in the Model specification. Iteration speed will
     increase if apply functions are vectorized in R or coded
     in a faster language such as C++ via the Rcpp package.

Eigendecomposition will occur every 2000 iterations.

Suggestion: 1 possible instance(s) of apply functions
     were found in the Model specification. Iteration speed will
     increase if apply functions are vectorized in R or coded
     in a faster language such as C++ via the Rcpp package.

Laplace's Demon was called on Mon Nov 26 00:00:09 2018

Performing initial checks...
Suggestion: 1 possible instance(s) of apply functions
     were found in the Model specification. Iteration speed will
     increase if apply functions are vectorized in R or coded
     in a faster language such as C++ via the Rcpp package.

Eigendecomposition will occur every 2000 iterations.

Algorithm: Automated Factor Slice Sampler 

Laplace's Demon is beginning to update...

Eigendecomposition will occur every 2000 iterations.

Algorithm: Automated Factor Slice Sampler 

Laplace's Demon is beginning to update...

Eigendecomposition will occur every 2000 iterations.


Eigendecomposition will occur every 2000 iterations.

Algorithm: Automated Factor Slice Sampler 

Laplace's Demon is beginning to update...
Algorithm: Automated Factor Slice Sampler 

Laplace's Demon is beginning to update...

Eigendecomposition will occur every 2000 iterations.


Eigendecomposition will occur every 2000 iterations.

Algorithm: Automated Factor Slice Sampler 

Laplace's Demon is beginning to update...
Algorithm: Automated Factor Slice Sampler 

Laplace's Demon is beginning to update...

Eigendecomposition will occur every 2000 iterations.


Eigendecomposition will occur every 2000 iterations.

Algorithm: Automated Factor Slice Sampler 

Laplace's Demon is beginning to update...

Eigendecomposition will occur every 2000 iterations.

Algorithm: Automated Factor Slice Sampler 

Laplace's Demon is beginning to update...

Eigendecomposition will occur every 2000 iterations.

Algorithm: Automated Factor Slice Sampler 

Laplace's Demon is beginning to update...
Algorithm: Automated Factor Slice Sampler 

Laplace's Demon is beginning to update...

Eigendecomposition will occur every 2000 iterations.

Algorithm: Automated Factor Slice Sampler 

Laplace's Demon is beginning to update...

Eigendecomposition will occur every 2000 iterations.

Algorithm: Automated Factor Slice Sampler 

Laplace's Demon is beginning to update...

Eigendecomposition will occur every 2000 iterations.


Eigendecomposition will occur every 2000 iterations.

Algorithm: Automated Factor Slice Sampler 

Laplace's Demon is beginning to update...
Algorithm: Automated Factor Slice Sampler 

Laplace's Demon is beginning to update...
Algorithm: Automated Factor Slice Sampler 

Laplace's Demon is beginning to update...

Eigendecomposition will occur every 2000 iterations.

Algorithm: Automated Factor Slice Sampler 

Laplace's Demon is beginning to update...
Algorithm: Automated Factor Slice Sampler 

Laplace's Demon is beginning to update...

Eigendecomposition will occur every 2000 iterations.

Algorithm: Automated Factor Slice Sampler 

Laplace's Demon is beginning to update...

Eigendecomposition will occur every 2000 iterations.


Eigendecomposition will occur every 2000 iterations.


Eigendecomposition will occur every 2000 iterations.


Eigendecomposition will occur every 2000 iterations.

Algorithm: Automated Factor Slice Sampler 

Laplace's Demon is beginning to update...
Algorithm: Automated Factor Slice Sampler 

Laplace's Demon is beginning to update...

Eigendecomposition will occur every 2000 iterations.


Eigendecomposition will occur every 2000 iterations.

srun: Job step aborted: Waiting up to 2 seconds for job step to finish.
srun: got SIGCONT
slurmstepd: *** JOB 326122 CANCELLED AT 2018-11-26T00:02:02 ***
srun: forcing job termination
slurmstepd: *** STEP 326122.0 CANCELLED AT 2018-11-26T00:02:02 ***
srun: error: compute-0-0: task 0: Terminated
