
Attaching package: 'cowplot'

The following object is masked from 'package:ggplot2':

    ggsave

Loading required package: foreach
Loading required package: iterators
Loading required package: parallel

Attaching package: 'dplyr'

The following objects are masked from 'package:stats':

    filter, lag

The following objects are masked from 'package:base':

    intersect, setdiff, setequal, union

starting worker pid=116706 on localhost:11396 at 00:39:45.333
starting worker pid=116717 on localhost:11396 at 00:39:45.592
starting worker pid=116728 on localhost:11396 at 00:39:45.849
[1] "warning, sym=1, snp=1: 0 sample"

Laplace's Demon was called on Sat Dec  8 00:39:47 2018

Performing initial checks...
WARNING: Matrix y may be rank-deficient.
Algorithm: Automated Factor Slice Sampler 

Laplace's Demon is beginning to update...

Eigendecomposition will occur every 40000 iterations.

