
Attaching package: 'cowplot'

The following object is masked from 'package:ggplot2':

    ggsave

Loading required package: foreach
Loading required package: iterators
Loading required package: parallel

Attaching package: 'dplyr'

The following objects are masked from 'package:stats':

    filter, lag

The following objects are masked from 'package:base':

    intersect, setdiff, setequal, union

starting worker pid=5839 on localhost:11506 at 19:53:03.597
starting worker pid=5850 on localhost:11506 at 19:53:03.838
starting worker pid=5861 on localhost:11506 at 19:53:04.076
starting worker pid=5872 on localhost:11506 at 19:53:04.316
starting worker pid=5883 on localhost:11506 at 19:53:04.555
starting worker pid=5894 on localhost:11506 at 19:53:04.795
starting worker pid=5905 on localhost:11506 at 19:53:05.033
starting worker pid=5916 on localhost:11506 at 19:53:05.268
starting worker pid=5927 on localhost:11506 at 19:53:05.502
starting worker pid=5938 on localhost:11506 at 19:53:05.739
starting worker pid=5949 on localhost:11506 at 19:53:05.983
starting worker pid=5960 on localhost:11506 at 19:53:06.221
starting worker pid=5971 on localhost:11506 at 19:53:06.461
starting worker pid=5982 on localhost:11506 at 19:53:06.697
starting worker pid=5993 on localhost:11506 at 19:53:06.935
starting worker pid=6004 on localhost:11506 at 19:53:07.171
starting worker pid=6015 on localhost:11506 at 19:53:07.407
starting worker pid=6026 on localhost:11506 at 19:53:07.641
starting worker pid=6037 on localhost:11506 at 19:53:07.877
starting worker pid=6048 on localhost:11506 at 19:53:08.111
starting worker pid=6059 on localhost:11506 at 19:53:08.351
starting worker pid=6070 on localhost:11506 at 19:53:08.589
starting worker pid=6081 on localhost:11506 at 19:53:08.827
starting worker pid=6092 on localhost:11506 at 19:53:09.063
starting worker pid=6103 on localhost:11506 at 19:53:09.298
starting worker pid=6114 on localhost:11506 at 19:53:09.534
starting worker pid=6125 on localhost:11506 at 19:53:09.771
starting worker pid=6136 on localhost:11506 at 19:53:10.012
starting worker pid=6147 on localhost:11506 at 19:53:10.250
starting worker pid=6158 on localhost:11506 at 19:53:10.488
[1] "warning, sym=1, snp=94: 1 sample"
[1] "warning, sym=1, snp=95: 0 sample"
[1] "warning, sym=1, snp=186: 0 sample"
[1] "warning, sym=1, snp=369: 0 sample"
[1] "warning, sym=1, snp=368: 0 sample"
[1] "warning, sym=1, snp=372: 0 sample"
[1] "warning, sym=1, snp=374: 0 sample"
[1] "warning, sym=1, snp=443: 0 sample"
[1] "warning, sym=1, snp=444: 0 sample"
[1] "warning, sym=1, snp=457: 0 sample"
[1] "warning, sym=1, snp=547: 0 sample"
[1] "warning, sym=1, snp=549: 0 sample"
[1] "warning, sym=1, snp=618: 0 sample"
[1] "warning, sym=1, snp=619: 0 sample"
[1] "warning, sym=1, snp=633: 0 sample"
[1] "warning, sym=1, snp=635: 0 sample"
[1] "warning, sym=1, snp=704: 0 sample"
[1] "warning, sym=1, snp=705: 0 sample"
[1] "warning, sym=1, snp=806: 0 sample"
[1] "warning, sym=1, snp=805: 0 sample"
[1] "warning, sym=1, snp=803: 0 sample"
[1] "warning, sym=1, snp=872: 1 sample"
[1] "warning, sym=1, snp=871: 1 sample"
[1] "warning, sym=1, snp=887: 0 sample"
[1] "warning, sym=1, snp=957: 0 sample"
[1] "warning, sym=1, snp=970: 0 sample"
[1] "warning, sym=1, snp=1120: 0 sample"
[1] "warning, sym=1, snp=1119: 1 sample"
[1] "warning, sym=1, snp=1132: 0 sample"
[1] "warning, sym=1, snp=1197: 1 sample"
[1] "warning, sym=1, snp=1198: 1 sample"
[1] "warning, sym=1, snp=1744: 0 sample"
[1] "warning, sym=1, snp=1745: 0 sample"
[1] "warning, sym=1, snp=1807: 0 sample"
[1] "warning, sym=1, snp=1808: 0 sample"
[1] "warning, sym=1, snp=1816: 0 sample"
[1] "warning, sym=1, snp=1818: 0 sample"
[1] "warning, sym=1, snp=1879: 0 sample"
[1] "warning, sym=1, snp=1876: 0 sample"
[1] "warning, sym=1, snp=1878: 0 sample"
[1] "warning, sym=1, snp=1888: 0 sample"
[1] "warning, sym=1, snp=1946: 0 sample"
[1] "warning, sym=1, snp=1949: 0 sample"
[1] "warning, sym=1, snp=1948: 0 sample"
[1] "warning, sym=1, snp=2016: 0 sample"
[1] "warning, sym=1, snp=2085: 0 sample"
[1] "warning, sym=1, snp=2086: 0 sample"
[1] "warning, sym=1, snp=2161: 0 sample"
[1] "warning, sym=1, snp=2412: 0 sample"
[1] "warning, sym=1, snp=2419: 0 sample"
[1] "warning, sym=1, snp=2420: 0 sample"
[1] "warning, sym=1, snp=2602: 0 sample"
[1] "warning, sym=1, snp=2888: 0 sample"
[1] "warning, sym=1, snp=3150: 1 sample"
[1] "warning, sym=1, snp=3246: 0 sample"
[1] "warning, sym=1, snp=3244: 0 sample"
[1] "warning, sym=1, snp=3292: 0 sample"
[1] "warning, sym=1, snp=3426: 0 sample"
[1] "warning, sym=1, snp=3427: 0 sample"
[1] "warning, sym=1, snp=3431: 0 sample"
[1] "warning, sym=1, snp=3428: 0 sample"
[1] "warning, sym=1, snp=3471: 0 sample"
[1] "warning, sym=1, snp=3472: 1 sample"
[1] "warning, sym=1, snp=3513: 0 sample"
[1] "warning, sym=1, snp=3554: 0 sample"
[1] "warning, sym=1, snp=3742: 0 sample"
[1] "warning, sym=1, snp=3777: 0 sample"
[1] "warning, sym=1, snp=4267: 0 sample"
[1] "warning, sym=1, snp=4294: 0 sample"
[1] "warning, sym=1, snp=4319: 0 sample"
[1] "warning, sym=1, snp=4318: 0 sample"
[1] "warning, sym=1, snp=4336: 0 sample"
[1] "warning, sym=2, snp=94: 1 sample"
[1] "warning, sym=2, snp=95: 0 sample"
[1] "warning, sym=2, snp=186: 0 sample"
[1] "warning, sym=2, snp=368: 0 sample"
[1] "warning, sym=2, snp=369: 0 sample"
[1] "warning, sym=2, snp=372: 0 sample"
[1] "warning, sym=2, snp=374: 0 sample"
[1] "warning, sym=2, snp=443: 0 sample"
[1] "warning, sym=2, snp=444: 0 sample"
[1] "warning, sym=2, snp=457: 0 sample"
[1] "warning, sym=2, snp=547: 0 sample"
[1] "warning, sym=2, snp=549: 0 sample"
[1] "warning, sym=2, snp=619: 0 sample"
[1] "warning, sym=2, snp=618: 0 sample"
[1] "warning, sym=2, snp=633: 0 sample"
[1] "warning, sym=2, snp=635: 0 sample"
[1] "warning, sym=2, snp=704: 0 sample"
[1] "warning, sym=2, snp=705: 0 sample"
[1] "warning, sym=2, snp=803: 0 sample"
[1] "warning, sym=2, snp=805: 0 sample"
[1] "warning, sym=2, snp=806: 0 sample"
[1] "warning, sym=2, snp=871: 1 sample"
[1] "warning, sym=2, snp=872: 1 sample"
[1] "warning, sym=2, snp=887: 0 sample"
[1] "warning, sym=2, snp=956: 0 sample"
[1] "warning, sym=2, snp=957: 0 sample"
[1] "warning, sym=2, snp=970: 0 sample"
[1] "warning, sym=2, snp=1119: 0 sample"
[1] "warning, sym=2, snp=1120: 0 sample"
[1] "warning, sym=2, snp=1132: 0 sample"
[1] "warning, sym=2, snp=1198: 1 sample"
[1] "warning, sym=2, snp=1197: 1 sample"
[1] "warning, sym=2, snp=1277: 1 sample"
[1] "warning, sym=2, snp=1276: 1 sample"
[1] "warning, sym=2, snp=1745: 0 sample"
[1] "warning, sym=2, snp=1744: 0 sample"
[1] "warning, sym=2, snp=1808: 0 sample"
[1] "warning, sym=2, snp=1807: 0 sample"
[1] "warning, sym=2, snp=1816: 0 sample"
[1] "warning, sym=2, snp=1818: 0 sample"
[1] "warning, sym=2, snp=1876: 0 sample"
[1] "warning, sym=2, snp=1878: 0 sample"
[1] "warning, sym=2, snp=1879: 0 sample"
[1] "warning, sym=2, snp=1888: 0 sample"
[1] "warning, sym=2, snp=1948: 0 sample"
[1] "warning, sym=2, snp=1946: 0 sample"
[1] "warning, sym=2, snp=1949: 0 sample"
[1] "warning, sym=2, snp=2016: 0 sample"
[1] "warning, sym=2, snp=2085: 0 sample"
[1] "warning, sym=2, snp=2086: 0 sample"
[1] "warning, sym=2, snp=2161: 0 sample"
[1] "warning, sym=2, snp=2412: 0 sample"
[1] "warning, sym=2, snp=2419: 0 sample"
[1] "warning, sym=2, snp=2420: 0 sample"
[1] "warning, sym=2, snp=2602: 0 sample"
[1] "warning, sym=2, snp=2888: 0 sample"
[1] "warning, sym=2, snp=3244: 0 sample"
[1] "warning, sym=2, snp=3246: 0 sample"
[1] "warning, sym=2, snp=3292: 0 sample"
[1] "warning, sym=2, snp=3426: 0 sample"
[1] "warning, sym=2, snp=3427: 0 sample"
[1] "warning, sym=2, snp=3430: 1 sample"
[1] "warning, sym=2, snp=3428: 0 sample"
[1] "warning, sym=2, snp=3431: 0 sample"
[1] "warning, sym=2, snp=3472: 0 sample"
[1] "warning, sym=2, snp=3471: 0 sample"
[1] "warning, sym=2, snp=3513: 0 sample"
[1] "warning, sym=2, snp=3554: 0 sample"
[1] "warning, sym=2, snp=3742: 0 sample"
[1] "warning, sym=2, snp=3777: 0 sample"
[1] "warning, sym=2, snp=4267: 0 sample"
[1] "warning, sym=2, snp=4294: 0 sample"
[1] "warning, sym=2, snp=4319: 0 sample"
[1] "warning, sym=2, snp=4318: 0 sample"
[1] "warning, sym=2, snp=4336: 0 sample"
[1] "warning, sym=3, snp=95: 1 sample"
[1] "warning, sym=3, snp=94: 1 sample"
[1] "warning, sym=3, snp=186: 0 sample"
[1] "warning, sym=3, snp=369: 0 sample"
[1] "warning, sym=3, snp=368: 0 sample"
[1] "warning, sym=3, snp=374: 0 sample"
[1] "warning, sym=3, snp=372: 0 sample"
[1] "warning, sym=3, snp=443: 0 sample"
[1] "warning, sym=3, snp=444: 0 sample"
[1] "warning, sym=3, snp=457: 0 sample"
[1] "warning, sym=3, snp=547: 0 sample"
[1] "warning, sym=3, snp=549: 0 sample"
[1] "warning, sym=3, snp=618: 0 sample"
[1] "warning, sym=3, snp=619: 0 sample"
[1] "warning, sym=3, snp=635: 0 sample"
[1] "warning, sym=3, snp=633: 0 sample"
[1] "warning, sym=3, snp=705: 0 sample"
[1] "warning, sym=3, snp=704: 0 sample"
[1] "warning, sym=3, snp=803: 0 sample"
[1] "warning, sym=3, snp=806: 0 sample"
[1] "warning, sym=3, snp=805: 0 sample"
[1] "warning, sym=3, snp=871: 1 sample"
[1] "warning, sym=3, snp=872: 1 sample"
[1] "warning, sym=3, snp=887: 0 sample"
[1] "warning, sym=3, snp=956: 1 sample"
[1] "warning, sym=3, snp=957: 0 sample"
[1] "warning, sym=3, snp=970: 0 sample"
[1] "warning, sym=3, snp=1120: 0 sample"
[1] "warning, sym=3, snp=1119: 1 sample"
[1] "warning, sym=3, snp=1132: 0 sample"
[1] "warning, sym=3, snp=1198: 1 sample"
[1] "warning, sym=3, snp=1197: 1 sample"
[1] "warning, sym=3, snp=1745: 0 sample"
[1] "warning, sym=3, snp=1744: 0 sample"
[1] "warning, sym=3, snp=1808: 0 sample"
[1] "warning, sym=3, snp=1807: 0 sample"
[1] "warning, sym=3, snp=1816: 0 sample"
[1] "warning, sym=3, snp=1818: 0 sample"
[1] "warning, sym=3, snp=1879: 0 sample"
[1] "warning, sym=3, snp=1876: 0 sample"
[1] "warning, sym=3, snp=1878: 0 sample"
[1] "warning, sym=3, snp=1888: 0 sample"
[1] "warning, sym=3, snp=1946: 0 sample"
[1] "warning, sym=3, snp=1948: 0 sample"
[1] "warning, sym=3, snp=1949: 0 sample"
[1] "warning, sym=3, snp=2016: 0 sample"
[1] "warning, sym=3, snp=2085: 0 sample"
[1] "warning, sym=3, snp=2086: 0 sample"
[1] "warning, sym=3, snp=2161: 0 sample"
[1] "warning, sym=3, snp=2412: 0 sample"
[1] "warning, sym=3, snp=2420: 0 sample"
[1] "warning, sym=3, snp=2419: 0 sample"
[1] "warning, sym=3, snp=2602: 0 sample"
[1] "warning, sym=3, snp=2888: 0 sample"
[1] "warning, sym=3, snp=2995: 0 sample"
[1] "warning, sym=3, snp=2994: 0 sample"
[1] "warning, sym=3, snp=3150: 1 sample"
[1] "warning, sym=3, snp=3246: 0 sample"
[1] "warning, sym=3, snp=3244: 0 sample"
[1] "warning, sym=3, snp=3292: 0 sample"
[1] "warning, sym=3, snp=3427: 0 sample"
[1] "warning, sym=3, snp=3428: 0 sample"
[1] "warning, sym=3, snp=3430: 0 sample"
[1] "warning, sym=3, snp=3431: 0 sample"
[1] "warning, sym=3, snp=3426: 0 sample"
[1] "warning, sym=3, snp=3471: 0 sample"
[1] "warning, sym=3, snp=3472: 0 sample"
[1] "warning, sym=3, snp=3513: 0 sample"
[1] "warning, sym=3, snp=3554: 0 sample"
[1] "warning, sym=3, snp=3742: 0 sample"
[1] "warning, sym=3, snp=3777: 0 sample"
[1] "warning, sym=3, snp=4267: 0 sample"
[1] "warning, sym=3, snp=4294: 0 sample"
[1] "warning, sym=3, snp=4318: 0 sample"
[1] "warning, sym=3, snp=4319: 0 sample"
[1] "warning, sym=3, snp=4336: 0 sample"
[1] "writing results to file..."
[1] "end"
Warning message:
In e$fun(obj, substitute(ex), parent.frame(), e$data) :
  already exporting variable(s): savedir, filename, data, symptoms, namesymptoms, symptomvariants, numsymptomvariants, snps, namesnps, snpvariants, numsnpvariants, logpriortheta, statsfunction, mciterations, mcdiscard
