
Attaching package: 'cowplot'

The following object is masked from 'package:ggplot2':

    ggsave

Loading required package: foreach
Loading required package: iterators
Loading required package: parallel

Attaching package: 'dplyr'

The following objects are masked from 'package:stats':

    filter, lag

The following objects are masked from 'package:base':

    intersect, setdiff, setequal, union

starting worker pid=91825 on localhost:11587 at 17:18:59.656
starting worker pid=91836 on localhost:11587 at 17:18:59.891
starting worker pid=91847 on localhost:11587 at 17:19:00.129
starting worker pid=91858 on localhost:11587 at 17:19:00.374
starting worker pid=91869 on localhost:11587 at 17:19:00.613
starting worker pid=91880 on localhost:11587 at 17:19:00.852
starting worker pid=91891 on localhost:11587 at 17:19:01.088
starting worker pid=91902 on localhost:11587 at 17:19:01.323
starting worker pid=91913 on localhost:11587 at 17:19:01.558
starting worker pid=91924 on localhost:11587 at 17:19:01.793
starting worker pid=91935 on localhost:11587 at 17:19:02.039
starting worker pid=91946 on localhost:11587 at 17:19:02.277
starting worker pid=91957 on localhost:11587 at 17:19:02.516
starting worker pid=91968 on localhost:11587 at 17:19:02.753
starting worker pid=91979 on localhost:11587 at 17:19:02.989
starting worker pid=91990 on localhost:11587 at 17:19:03.225
starting worker pid=92001 on localhost:11587 at 17:19:03.478
starting worker pid=92044 on localhost:11587 at 17:19:03.714
starting worker pid=92055 on localhost:11587 at 17:19:03.951
starting worker pid=92066 on localhost:11587 at 17:19:04.190
starting worker pid=92077 on localhost:11587 at 17:19:04.430
starting worker pid=92088 on localhost:11587 at 17:19:04.669
starting worker pid=92099 on localhost:11587 at 17:19:04.908
starting worker pid=92110 on localhost:11587 at 17:19:05.145
starting worker pid=92121 on localhost:11587 at 17:19:05.382
starting worker pid=92132 on localhost:11587 at 17:19:05.618
starting worker pid=92143 on localhost:11587 at 17:19:05.862
starting worker pid=92154 on localhost:11587 at 17:19:06.103
starting worker pid=92165 on localhost:11587 at 17:19:06.344
starting worker pid=92176 on localhost:11587 at 17:19:06.585
[1] "warning maximization: code=3 symptom=1 snp=5729 trying alterative..."
[1] "warning maximization: code=3 symptom=1 snp=13221 trying alterative..."
[1] "warning maximization: code=3 symptom=1 snp=28831 trying alterative..."
[1] "warning maximization: code=3 symptom=1 snp=31867 trying alterative..."
[1] "warning maximization: code=3 symptom=1 snp=45628 trying alterative..."
[1] "warning maximization: code=3 symptom=1 snp=60020 trying alterative..."
[1] "warning maximization: code=3 symptom=1 snp=60019 trying alterative..."
[1] "warning maximization: code=3 symptom=1 snp=99244 trying alterative..."
[1] "warning maximization: code=3 symptom=1 snp=99912 trying alterative..."
[1] "warning maximization: code=3 symptom=1 snp=101273 trying alterative..."
[1] "warning maximization: code=3 symptom=1 snp=102016 trying alterative..."
[1] "warning maximization: code=3 symptom=1 snp=108846 trying alterative..."
[1] "warning maximization: code=3 symptom=1 snp=114868 trying alterative..."
[1] "warning maximization: code=3 symptom=2 snp=2976 trying alterative..."
[1] "warning maximization: code=3 symptom=2 snp=8136 trying alterative..."
[1] "warning maximization: code=3 symptom=2 snp=10295 trying alterative..."
[1] "warning maximization: code=3 symptom=2 snp=18176 trying alterative..."
[1] "warning maximization: code=3 symptom=2 snp=26754 trying alterative..."
[1] "warning maximization: code=3 symptom=2 snp=27281 trying alterative..."
[1] "warning maximization: code=3 symptom=2 snp=30464 trying alterative..."
[1] "warning maximization: code=3 symptom=2 snp=31329 trying alterative..."
[1] "warning maximization: code=3 symptom=2 snp=37040 trying alterative..."
[1] "warning maximization: code=3 symptom=2 snp=46479 trying alterative..."
[1] "warning maximization: code=3 symptom=2 snp=48791 trying alterative..."
[1] "warning maximization: code=3 symptom=2 snp=56859 trying alterative..."
[1] "warning maximization: code=3 symptom=2 snp=61970 trying alterative..."
[1] "warning maximization: code=3 symptom=2 snp=75901 trying alterative..."
[1] "warning maximization: code=3 symptom=2 snp=87319 trying alterative..."
[1] "warning maximization: code=3 symptom=2 snp=89008 trying alterative..."
[1] "warning maximization: code=3 symptom=2 snp=93243 trying alterative..."
[1] "warning maximization: code=3 symptom=2 snp=95042 trying alterative..."
[1] "warning maximization: code=3 symptom=2 snp=98548 trying alterative..."
[1] "warning maximization: code=3 symptom=2 snp=116557 trying alterative..."
[1] "warning maximization: code=3 symptom=2 snp=119931 trying alterative..."
[1] "warning maximization: code=3 symptom=2 snp=119932 trying alterative..."
[1] "warning maximization: code=3 symptom=3 snp=3883 trying alterative..."
[1] "warning maximization: code=3 symptom=3 snp=31585 trying alterative..."
[1] "warning maximization: code=3 symptom=3 snp=31586 trying alterative..."
[1] "warning maximization: code=3 symptom=3 snp=33174 trying alterative..."
[1] "warning maximization: code=3 symptom=3 snp=36659 trying alterative..."
[1] "warning maximization: code=3 symptom=3 snp=37067 trying alterative..."
[1] "warning maximization: code=3 symptom=3 snp=74150 trying alterative..."
[1] "warning maximization: code=3 symptom=3 snp=82564 trying alterative..."
[1] "warning maximization: code=3 symptom=3 snp=92644 trying alterative..."
[1] "warning maximization: code=3 symptom=3 snp=109116 trying alterative..."
[1] "warning maximization: code=3 symptom=3 snp=114671 trying alterative..."
[1] "warning maximization: code=3 symptom=3 snp=117535 trying alterative..."
[1] "warning maximization: code=3 symptom=3 snp=125011 trying alterative..."
There were 50 or more warnings (use warnings() to see the first 50)
There were 50 or more warnings (use warnings() to see the first 50)
There were 50 or more warnings (use warnings() to see the first 50)
There were 50 or more warnings (use warnings() to see the first 50)
There were 50 or more warnings (use warnings() to see the first 50)
There were 50 or more warnings (use warnings() to see the first 50)
There were 50 or more warnings (use warnings() to see the first 50)
There were 50 or more warnings (use warnings() to see the first 50)
There were 50 or more warnings (use warnings() to see the first 50)
There were 50 or more warnings (use warnings() to see the first 50)
There were 50 or more warnings (use warnings() to see the first 50)
There were 50 or more warnings (use warnings() to see the first 50)
There were 50 or more warnings (use warnings() to see the first 50)
There were 50 or more warnings (use warnings() to see the first 50)
There were 50 or more warnings (use warnings() to see the first 50)
There were 50 or more warnings (use warnings() to see the first 50)
There were 50 or more warnings (use warnings() to see the first 50)
There were 50 or more warnings (use warnings() to see the first 50)
There were 50 or more warnings (use warnings() to see the first 50)
There were 50 or more warnings (use warnings() to see the first 50)
There were 50 or more warnings (use warnings() to see the first 50)
There were 50 or more warnings (use warnings() to see the first 50)
There were 50 or more warnings (use warnings() to see the first 50)
There were 50 or more warnings (use warnings() to see the first 50)
There were 50 or more warnings (use warnings() to see the first 50)
There were 50 or more warnings (use warnings() to see the first 50)
There were 50 or more warnings (use warnings() to see the first 50)
There were 50 or more warnings (use warnings() to see the first 50)
There were 50 or more warnings (use warnings() to see the first 50)
There were 50 or more warnings (use warnings() to see the first 50)
[1] "writing results to file..."
[1] "end"
Warning messages:
1: In dir.create(savedir) : '1sym_3snp_gamma' already exists
2: In e$fun(obj, substitute(ex), parent.frame(), e$data) :
  already exporting variable(s): savedir, filename, writeflag, data, symptoms, namesymptoms, symptomvariants, numsymptomvariants, snps, namesnps, snpvariants, numsnpvariants, namesnpvariants, namestatistics, logpriortheta, spread
