
Attaching package: 'cowplot'

The following object is masked from 'package:ggplot2':

    ggsave

Loading required package: foreach
Loading required package: iterators
Loading required package: parallel

Attaching package: 'dplyr'

The following objects are masked from 'package:stats':

    filter, lag

The following objects are masked from 'package:base':

    intersect, setdiff, setequal, union

starting worker pid=52076 on localhost:11555 at 13:30:40.095
starting worker pid=52087 on localhost:11555 at 13:30:40.332
starting worker pid=52098 on localhost:11555 at 13:30:40.572
starting worker pid=52109 on localhost:11555 at 13:30:40.811
starting worker pid=52120 on localhost:11555 at 13:30:41.048
starting worker pid=52131 on localhost:11555 at 13:30:41.285
starting worker pid=52142 on localhost:11555 at 13:30:41.523
starting worker pid=52153 on localhost:11555 at 13:30:41.763
starting worker pid=52164 on localhost:11555 at 13:30:42.006
starting worker pid=52175 on localhost:11555 at 13:30:42.246
starting worker pid=52186 on localhost:11555 at 13:30:42.485
starting worker pid=52197 on localhost:11555 at 13:30:42.730
starting worker pid=52208 on localhost:11555 at 13:30:42.972
starting worker pid=52219 on localhost:11555 at 13:30:43.212
starting worker pid=52231 on localhost:11555 at 13:30:43.448
starting worker pid=52242 on localhost:11555 at 13:30:43.687
starting worker pid=52253 on localhost:11555 at 13:30:43.930
starting worker pid=52264 on localhost:11555 at 13:30:44.171
starting worker pid=52275 on localhost:11555 at 13:30:44.410
starting worker pid=52286 on localhost:11555 at 13:30:44.652
starting worker pid=52297 on localhost:11555 at 13:30:44.894
starting worker pid=52308 on localhost:11555 at 13:30:45.130
starting worker pid=52319 on localhost:11555 at 13:30:45.365
starting worker pid=52330 on localhost:11555 at 13:30:45.602
starting worker pid=52341 on localhost:11555 at 13:30:45.839
starting worker pid=52352 on localhost:11555 at 13:30:46.074
starting worker pid=52363 on localhost:11555 at 13:30:46.308
starting worker pid=52374 on localhost:11555 at 13:30:46.542
starting worker pid=52385 on localhost:11555 at 13:30:46.777
starting worker pid=52396 on localhost:11555 at 13:30:47.011
[1] "writing results to file..."
[1] "end"
Warning message:
In e$fun(obj, substitute(ex), parent.frame(), e$data) :
  already exporting variable(s): savedir, filename, writethreshold, data, symptoms, namesymptoms, symptomvariants, numsymptomvariants, snps, namesnps, snpvariants, numsnpvariants, namesnpvariants, namestatistics, logpriortheta, spread
