
Attaching package: 'cowplot'

The following object is masked from 'package:ggplot2':

    ggsave

Loading required package: foreach
Loading required package: iterators
Loading required package: parallel

Attaching package: 'dplyr'

The following objects are masked from 'package:stats':

    filter, lag

The following objects are masked from 'package:base':

    intersect, setdiff, setequal, union

starting worker pid=52642 on localhost:11301 at 13:33:10.220
starting worker pid=52653 on localhost:11301 at 13:33:10.465
starting worker pid=52664 on localhost:11301 at 13:33:10.711
starting worker pid=52675 on localhost:11301 at 13:33:10.957
starting worker pid=52686 on localhost:11301 at 13:33:11.201
starting worker pid=52697 on localhost:11301 at 13:33:11.443
starting worker pid=52708 on localhost:11301 at 13:33:11.687
starting worker pid=52719 on localhost:11301 at 13:33:11.929
starting worker pid=52730 on localhost:11301 at 13:33:12.172
starting worker pid=52741 on localhost:11301 at 13:33:12.415
starting worker pid=52752 on localhost:11301 at 13:33:12.661
starting worker pid=52763 on localhost:11301 at 13:33:12.903
starting worker pid=52774 on localhost:11301 at 13:33:13.146
starting worker pid=52785 on localhost:11301 at 13:33:13.391
starting worker pid=52796 on localhost:11301 at 13:33:13.634
starting worker pid=52807 on localhost:11301 at 13:33:13.876
starting worker pid=52818 on localhost:11301 at 13:33:14.122
starting worker pid=52829 on localhost:11301 at 13:33:14.366
starting worker pid=52840 on localhost:11301 at 13:33:14.611
starting worker pid=52851 on localhost:11301 at 13:33:14.853
starting worker pid=52862 on localhost:11301 at 13:33:15.096
starting worker pid=52873 on localhost:11301 at 13:33:15.340
starting worker pid=52884 on localhost:11301 at 13:33:15.585
starting worker pid=52895 on localhost:11301 at 13:33:15.897
starting worker pid=52906 on localhost:11301 at 13:33:16.142
starting worker pid=52917 on localhost:11301 at 13:33:16.385
starting worker pid=52928 on localhost:11301 at 13:33:16.628
starting worker pid=52939 on localhost:11301 at 13:33:16.871
starting worker pid=52950 on localhost:11301 at 13:33:17.115
starting worker pid=52961 on localhost:11301 at 13:33:17.360
[1] "writing results to file..."
[1] "end"
Warning message:
In e$fun(obj, substitute(ex), parent.frame(), e$data) :
  already exporting variable(s): savedir, filename, writethreshold, data, symptoms, namesymptoms, symptomvariants, numsymptomvariants, snps, namesnps, snpvariants, numsnpvariants, namesnpvariants, namestatistics, logpriortheta, spread
