
Attaching package: 'cowplot'

The following object is masked from 'package:ggplot2':

    ggsave

Loading required package: foreach
Loading required package: iterators
Loading required package: parallel

Attaching package: 'dplyr'

The following objects are masked from 'package:stats':

    filter, lag

The following objects are masked from 'package:base':

    intersect, setdiff, setequal, union

starting worker pid=50682 on localhost:11317 at 13:15:40.677
starting worker pid=50693 on localhost:11317 at 13:15:40.919
starting worker pid=50704 on localhost:11317 at 13:15:41.163
starting worker pid=50715 on localhost:11317 at 13:15:41.405
starting worker pid=50726 on localhost:11317 at 13:15:41.648
starting worker pid=50737 on localhost:11317 at 13:15:41.890
starting worker pid=50748 on localhost:11317 at 13:15:42.133
starting worker pid=50759 on localhost:11317 at 13:15:42.374
starting worker pid=50770 on localhost:11317 at 13:15:42.617
starting worker pid=50781 on localhost:11317 at 13:15:42.861
starting worker pid=50792 on localhost:11317 at 13:15:43.104
starting worker pid=50803 on localhost:11317 at 13:15:43.346
starting worker pid=50814 on localhost:11317 at 13:15:43.588
starting worker pid=50825 on localhost:11317 at 13:15:43.830
starting worker pid=50836 on localhost:11317 at 13:15:44.077
starting worker pid=50847 on localhost:11317 at 13:15:44.319
starting worker pid=50858 on localhost:11317 at 13:15:44.565
starting worker pid=50869 on localhost:11317 at 13:15:44.806
starting worker pid=50880 on localhost:11317 at 13:15:45.050
starting worker pid=50891 on localhost:11317 at 13:15:45.291
starting worker pid=50902 on localhost:11317 at 13:15:45.534
starting worker pid=50913 on localhost:11317 at 13:15:45.776
starting worker pid=50924 on localhost:11317 at 13:15:46.025
starting worker pid=50935 on localhost:11317 at 13:15:46.267
starting worker pid=50946 on localhost:11317 at 13:15:46.511
starting worker pid=50957 on localhost:11317 at 13:15:46.755
starting worker pid=50968 on localhost:11317 at 13:15:46.998
starting worker pid=50979 on localhost:11317 at 13:15:47.240
starting worker pid=50990 on localhost:11317 at 13:15:47.485
starting worker pid=51001 on localhost:11317 at 13:15:47.729
There were 27 warnings (use warnings() to see them)
There were 27 warnings (use warnings() to see them)
There were 32 warnings (use warnings() to see them)
There were 32 warnings (use warnings() to see them)
There were 27 warnings (use warnings() to see them)
There were 27 warnings (use warnings() to see them)
There were 16 warnings (use warnings() to see them)
There were 27 warnings (use warnings() to see them)
There were 16 warnings (use warnings() to see them)
There were 32 warnings (use warnings() to see them)
There were 22 warnings (use warnings() to see them)
There were 16 warnings (use warnings() to see them)
There were 32 warnings (use warnings() to see them)
There were 11 warnings (use warnings() to see them)
There were 11 warnings (use warnings() to see them)
There were 16 warnings (use warnings() to see them)
[1] "writing results to file..."
There were 16 warnings (use warnings() to see them)
There were 22 warnings (use warnings() to see them)
[1] "end"
Warning message:
In e$fun(obj, substitute(ex), parent.frame(), e$data) :
  already exporting variable(s): savedir, filename, writethreshold, data, symptoms, namesymptoms, symptomvariants, numsymptomvariants, snps, namesnps, snpvariants, numsnpvariants, namesnpvariants, namestatistics, logpriortheta, spread
