
Attaching package: 'cowplot'

The following object is masked from 'package:ggplot2':

    ggsave

Loading required package: foreach
Loading required package: iterators
Loading required package: parallel

Attaching package: 'dplyr'

The following objects are masked from 'package:stats':

    filter, lag

The following objects are masked from 'package:base':

    intersect, setdiff, setequal, union

starting worker pid=68531 on localhost:11163 at 13:17:39.780
starting worker pid=68542 on localhost:11163 at 13:17:40.023
starting worker pid=68553 on localhost:11163 at 13:17:40.267
starting worker pid=68564 on localhost:11163 at 13:17:40.508
starting worker pid=68575 on localhost:11163 at 13:17:40.750
starting worker pid=68586 on localhost:11163 at 13:17:40.992
starting worker pid=68597 on localhost:11163 at 13:17:41.235
starting worker pid=68608 on localhost:11163 at 13:17:41.477
starting worker pid=68619 on localhost:11163 at 13:17:41.719
starting worker pid=68630 on localhost:11163 at 13:17:41.959
starting worker pid=68641 on localhost:11163 at 13:17:42.200
starting worker pid=68652 on localhost:11163 at 13:17:42.442
starting worker pid=68663 on localhost:11163 at 13:17:42.687
starting worker pid=68674 on localhost:11163 at 13:17:42.928
starting worker pid=68685 on localhost:11163 at 13:17:43.169
starting worker pid=68696 on localhost:11163 at 13:17:43.410
starting worker pid=68707 on localhost:11163 at 13:17:43.656
starting worker pid=68718 on localhost:11163 at 13:17:43.893
starting worker pid=68730 on localhost:11163 at 13:17:44.136
starting worker pid=68741 on localhost:11163 at 13:17:44.379
starting worker pid=68752 on localhost:11163 at 13:17:44.623
starting worker pid=68763 on localhost:11163 at 13:17:44.861
starting worker pid=68774 on localhost:11163 at 13:17:45.104
starting worker pid=68785 on localhost:11163 at 13:17:45.347
starting worker pid=68796 on localhost:11163 at 13:17:45.593
starting worker pid=68807 on localhost:11163 at 13:17:45.835
starting worker pid=68818 on localhost:11163 at 13:17:46.078
starting worker pid=68829 on localhost:11163 at 13:17:46.317
starting worker pid=68840 on localhost:11163 at 13:17:46.556
starting worker pid=68851 on localhost:11163 at 13:17:46.797
[1] "warning maximization: code=3 symptom=2 snp=484 trying alterative..."
There were 27 warnings (use warnings() to see them)
[1] "writing results to file..."
[1] "end"
Warning message:
In e$fun(obj, substitute(ex), parent.frame(), e$data) :
  already exporting variable(s): savedir, filename, writethreshold, data, symptoms, namesymptoms, symptomvariants, numsymptomvariants, snps, namesnps, snpvariants, numsnpvariants, namesnpvariants, namestatistics, logpriortheta, spread
